// 同步 ID: 7e71766d @ Tue Jun 23 23:33:41 UTC 2026
// 同步 ID: 98751409 @ Fri Jun 26 11:29:49 UTC 2026
// 同步 ID: acc3e030 @ Sun Jun 28 16:27:38 UTC 2026
// 同步 ID: 788fa65d @ Mon Jun 29 12:53:11 UTC 2026
// 重构日志: 2e26dc67
// 重构日志: e8e53915
// 重构日志: b839b933
// 同步 ID: 1d4caa49 @ Sat Jul  4 23:20:44 UTC 2026
// 重构日志: 25549d5e
// 重构日志: e0a8e403
// 重构日志: 9cc9be24
// 重构日志: 2f25b6bc
// 重构日志: bff41091
// 重构日志: 6149ffd5
// 重构日志: 7b0e0514
// 重构日志: 88cf48d7
// 重构日志: 9f41c60b
// 重构日志: 2d9ee374
// 重构日志: 1da1aa82
// 重构日志: 104537f1
// 重构日志: fdd5ce5c
// 重构日志: f6ef8199
// 重构日志: c619bffe
// 重构日志: 3ac2d44f
// 同步 ID: ff2c202e @ Sat Jul 11 20:05:45 UTC 2026
// 重构日志: 77b73d24
// 重构日志: 573f601d
// 同步 ID: b1309af7 @ Tue Jul 14 06:54:50 UTC 2026
// 同步 ID: 00f90970 @ Tue Jul 14 12:18:11 UTC 2026
// 同步 ID: 7507cae4 @ Tue Jul 14 15:01:46 UTC 2026
// 重构日志: 0fbc313f
// 重构日志: 9095f3fc
// 重构日志: 5caabd37
